<?xml version="1.0" encoding="UTF-8"?>
<!-- Generated by org.testng.reporters.JUnitReportReporter -->
<testsuite hostname="MMLDVJITESHGHAD" failures="0" tests="1" name="GetBookingIds" time="2.961" errors="0" timestamp="2024-07-19T20:57:57 IST" skipped="0">
  <testcase classname="GetBookingIds" name="getBookingIds" time="2.961"/>
  <system-out/>
</testsuite> <!-- GetBookingIds -->
